DEB [20180806-22:32:34.653] thr=1   paramiko.transport: starting thread (client mode): 0xb9072780
DEB [20180806-22:32:34.654] thr=1   paramiko.transport: Local version/idstring: SSH-2.0-paramiko_2.4.1
DEB [20180806-22:32:34.678] thr=1   paramiko.transport: Remote version/idstring: SSH-2.0-OpenSSH_6.6.1
INF [20180806-22:32:34.678] thr=1   paramiko.transport: Connected (version 2.0, client OpenSSH_6.6.1)
DEB [20180806-22:32:34.685] thr=1   paramiko.transport: kex algos:['curve25519-sha256@libssh.org', 'ecdh-sha2-nistp256', 'ecdh-sha2-nistp384', 'ecdh-sha2-nistp521', 'diffie-hellman-group-exchange-sha256', 'diffie-hellman-group-exchange-sha1', 'diffie-hellman-group14-sha1', 'diffie-hellman-group1-sha1'] server key:['ssh-rsa', 'ecdsa-sha2-nistp256', 'ssh-ed25519'] client encrypt:['aes128-ctr', 'aes192-ctr', 'aes256-ctr', 'arcfour256', 'arcfour128', 'aes128-gcm@openssh.com', 'aes256-gcm@openssh.com', 'chacha20-poly1305@openssh.com', 'aes128-cbc', '3des-cbc', 'blowfish-cbc', 'cast128-cbc', 'aes192-cbc', 'aes256-cbc', 'arcfour', 'rijndael-cbc@lysator.liu.se'] server encrypt:['aes128-ctr', 'aes192-ctr', 'aes256-ctr', 'arcfour256', 'arcfour128', 'aes128-gcm@openssh.com', 'aes256-gcm@openssh.com', 'chacha20-poly1305@openssh.com', 'aes128-cbc', '3des-cbc', 'blowfish-cbc', 'cast128-cbc', 'aes192-cbc', 'aes256-cbc', 'arcfour', 'rijndael-cbc@lysator.liu.se'] client mac:['hmac-md5-etm@openssh.com', 'hmac-sha1-etm@openssh.com', 'umac-64-etm@openssh.com', 'umac-128-etm@openssh.com', 'hmac-sha2-256-etm@openssh.com', 'hmac-sha2-512-etm@openssh.com', 'hmac-ripemd160-etm@openssh.com', 'hmac-sha1-96-etm@openssh.com', 'hmac-md5-96-etm@openssh.com', 'hmac-md5', 'hmac-sha1', 'umac-64@openssh.com', 'umac-128@openssh.com', 'hmac-sha2-256', 'hmac-sha2-512', 'hmac-ripemd160', 'hmac-ripemd160@openssh.com', 'hmac-sha1-96', 'hmac-md5-96'] server mac:['hmac-md5-etm@openssh.com', 'hmac-sha1-etm@openssh.com', 'umac-64-etm@openssh.com', 'umac-128-etm@openssh.com', 'hmac-sha2-256-etm@openssh.com', 'hmac-sha2-512-etm@openssh.com', 'hmac-ripemd160-etm@openssh.com', 'hmac-sha1-96-etm@openssh.com', 'hmac-md5-96-etm@openssh.com', 'hmac-md5', 'hmac-sha1', 'umac-64@openssh.com', 'umac-128@openssh.com', 'hmac-sha2-256', 'hmac-sha2-512', 'hmac-ripemd160', 'hmac-ripemd160@openssh.com', 'hmac-sha1-96', 'hmac-md5-96'] client compress:['none', 'zlib@openssh.com'] server compress:['none', 'zlib@openssh.com'] client lang:[''] server lang:[''] kex follows?False
DEB [20180806-22:32:34.685] thr=1   paramiko.transport: Kex agreed: ecdh-sha2-nistp256
DEB [20180806-22:32:34.685] thr=1   paramiko.transport: HostKey agreed: ssh-ed25519
DEB [20180806-22:32:34.685] thr=1   paramiko.transport: Cipher agreed: aes128-ctr
DEB [20180806-22:32:34.685] thr=1   paramiko.transport: MAC agreed: hmac-sha2-256
DEB [20180806-22:32:34.685] thr=1   paramiko.transport: Compression agreed: none
DEB [20180806-22:32:34.890] thr=1   paramiko.transport: kex engine KexNistp256 specified hash_algo <built-in function openssl_sha256>
DEB [20180806-22:32:34.892] thr=1   paramiko.transport: Switch to new keys ...
DEB [20180806-22:32:49.236] thr=1   paramiko.transport: userauth is OK
INF [20180806-22:32:50.997] thr=1   paramiko.transport: Authentication (password) failed.
DEB [20180806-22:32:51.007] thr=1   paramiko.transport: EOF in transport thread
DEB [20180806-22:33:30.359] thr=1   paramiko.transport: starting thread (client mode): 0xc70517f0
DEB [20180806-22:33:30.359] thr=1   paramiko.transport: Local version/idstring: SSH-2.0-paramiko_2.4.1
DEB [20180806-22:33:30.381] thr=1   paramiko.transport: Remote version/idstring: SSH-2.0-OpenSSH_5.3
INF [20180806-22:33:30.381] thr=1   paramiko.transport: Connected (version 2.0, client OpenSSH_5.3)
DEB [20180806-22:33:30.403] thr=1   paramiko.transport: kex algos:['diffie-hellman-group-exchange-sha256', 'diffie-hellman-group-exchange-sha1', 'diffie-hellman-group14-sha1', 'diffie-hellman-group1-sha1'] server key:['ssh-rsa', 'ssh-dss'] client encrypt:['aes128-ctr', 'aes192-ctr', 'aes256-ctr', 'arcfour256', 'arcfour128', 'aes128-cbc', '3des-cbc', 'blowfish-cbc', 'cast128-cbc', 'aes192-cbc', 'aes256-cbc', 'arcfour', 'rijndael-cbc@lysator.liu.se'] server encrypt:['aes128-ctr', 'aes192-ctr', 'aes256-ctr', 'arcfour256', 'arcfour128', 'aes128-cbc', '3des-cbc', 'blowfish-cbc', 'cast128-cbc', 'aes192-cbc', 'aes256-cbc', 'arcfour', 'rijndael-cbc@lysator.liu.se'] client mac:['hmac-md5', 'hmac-sha1', 'umac-64@openssh.com', 'hmac-sha2-256', 'hmac-sha2-512', 'hmac-ripemd160', 'hmac-ripemd160@openssh.com', 'hmac-sha1-96', 'hmac-md5-96'] server mac:['hmac-md5', 'hmac-sha1', 'umac-64@openssh.com', 'hmac-sha2-256', 'hmac-sha2-512', 'hmac-ripemd160', 'hmac-ripemd160@openssh.com', 'hmac-sha1-96', 'hmac-md5-96'] client compress:['none', 'zlib@openssh.com'] server compress:['none', 'zlib@openssh.com'] client lang:[''] server lang:[''] kex follows?False
DEB [20180806-22:33:30.403] thr=1   paramiko.transport: Kex agreed: diffie-hellman-group-exchange-sha256
DEB [20180806-22:33:30.404] thr=1   paramiko.transport: HostKey agreed: ssh-rsa
DEB [20180806-22:33:30.404] thr=1   paramiko.transport: Cipher agreed: aes128-ctr
DEB [20180806-22:33:30.404] thr=1   paramiko.transport: MAC agreed: hmac-sha2-256
DEB [20180806-22:33:30.404] thr=1   paramiko.transport: Compression agreed: none
DEB [20180806-22:33:30.416] thr=1   paramiko.transport: Got server p (2048 bits)
DEB [20180806-22:33:30.541] thr=1   paramiko.transport: kex engine KexGexSHA256 specified hash_algo <built-in function openssl_sha256>
DEB [20180806-22:33:30.542] thr=1   paramiko.transport: Switch to new keys ...
DEB [20180806-22:33:35.444] thr=1   paramiko.transport: userauth is OK
INF [20180806-22:33:35.462] thr=1   paramiko.transport: Authentication (password) successful!
DEB [20180806-22:33:35.463] thr=2   paramiko.transport: [chan 0] Max packet in: 32768 bytes
DEB [20180806-22:33:35.471] thr=1   paramiko.transport: [chan 0] Max packet out: 32768 bytes
DEB [20180806-22:33:35.471] thr=1   paramiko.transport: Secsh channel 0 opened.
DEB [20180806-22:33:35.480] thr=1   paramiko.transport: [chan 0] Sesch channel 0 request ok
DEB [20180806-22:33:35.488] thr=1   paramiko.transport: [chan 0] Sesch channel 0 request ok
DEB [20180806-22:40:11.252] thr=1   paramiko.transport: starting thread (client mode): 0x5bc51780
DEB [20180806-22:40:11.253] thr=1   paramiko.transport: Local version/idstring: SSH-2.0-paramiko_2.4.1
DEB [20180806-22:40:11.274] thr=1   paramiko.transport: Remote version/idstring: SSH-2.0-OpenSSH_5.3
INF [20180806-22:40:11.274] thr=1   paramiko.transport: Connected (version 2.0, client OpenSSH_5.3)
DEB [20180806-22:40:11.285] thr=1   paramiko.transport: kex algos:['diffie-hellman-group-exchange-sha256', 'diffie-hellman-group-exchange-sha1', 'diffie-hellman-group14-sha1', 'diffie-hellman-group1-sha1'] server key:['ssh-rsa', 'ssh-dss'] client encrypt:['aes128-ctr', 'aes192-ctr', 'aes256-ctr', 'arcfour256', 'arcfour128', 'aes128-cbc', '3des-cbc', 'blowfish-cbc', 'cast128-cbc', 'aes192-cbc', 'aes256-cbc', 'arcfour', 'rijndael-cbc@lysator.liu.se'] server encrypt:['aes128-ctr', 'aes192-ctr', 'aes256-ctr', 'arcfour256', 'arcfour128', 'aes128-cbc', '3des-cbc', 'blowfish-cbc', 'cast128-cbc', 'aes192-cbc', 'aes256-cbc', 'arcfour', 'rijndael-cbc@lysator.liu.se'] client mac:['hmac-md5', 'hmac-sha1', 'umac-64@openssh.com', 'hmac-sha2-256', 'hmac-sha2-512', 'hmac-ripemd160', 'hmac-ripemd160@openssh.com', 'hmac-sha1-96', 'hmac-md5-96'] server mac:['hmac-md5', 'hmac-sha1', 'umac-64@openssh.com', 'hmac-sha2-256', 'hmac-sha2-512', 'hmac-ripemd160', 'hmac-ripemd160@openssh.com', 'hmac-sha1-96', 'hmac-md5-96'] client compress:['none', 'zlib@openssh.com'] server compress:['none', 'zlib@openssh.com'] client lang:[''] server lang:[''] kex follows?False
DEB [20180806-22:40:11.285] thr=1   paramiko.transport: Kex agreed: diffie-hellman-group-exchange-sha256
DEB [20180806-22:40:11.285] thr=1   paramiko.transport: HostKey agreed: ssh-rsa
DEB [20180806-22:40:11.285] thr=1   paramiko.transport: Cipher agreed: aes128-ctr
DEB [20180806-22:40:11.285] thr=1   paramiko.transport: MAC agreed: hmac-sha2-256
DEB [20180806-22:40:11.285] thr=1   paramiko.transport: Compression agreed: none
DEB [20180806-22:40:11.294] thr=1   paramiko.transport: Got server p (2048 bits)
DEB [20180806-22:40:11.416] thr=1   paramiko.transport: kex engine KexGexSHA256 specified hash_algo <built-in function openssl_sha256>
DEB [20180806-22:40:11.417] thr=1   paramiko.transport: Switch to new keys ...
DEB [20180806-22:40:16.348] thr=1   paramiko.transport: userauth is OK
INF [20180806-22:40:16.362] thr=1   paramiko.transport: Authentication (password) successful!
DEB [20180806-22:40:16.362] thr=2   paramiko.transport: [chan 0] Max packet in: 32768 bytes
DEB [20180806-22:40:16.369] thr=1   paramiko.transport: [chan 0] Max packet out: 32768 bytes
DEB [20180806-22:40:16.369] thr=1   paramiko.transport: Secsh channel 0 opened.
DEB [20180806-22:40:16.377] thr=1   paramiko.transport: [chan 0] Sesch channel 0 request ok
DEB [20180806-22:40:16.388] thr=1   paramiko.transport: [chan 0] Sesch channel 0 request ok
DEB [20180806-22:40:25.318] thr=1   paramiko.transport: [chan 0] EOF received (0)
DEB [20180806-22:40:25.318] thr=1   paramiko.transport: [chan 0] EOF sent (0)
DEB [20180806-22:40:26.191] thr=1   paramiko.transport: EOF in transport thread
DEB [20180806-22:49:09.096] thr=1   paramiko.transport: starting thread (client mode): 0xd4662860
DEB [20180806-22:49:09.096] thr=1   paramiko.transport: Local version/idstring: SSH-2.0-paramiko_2.4.1
DEB [20180806-22:49:09.116] thr=1   paramiko.transport: Remote version/idstring: SSH-2.0-OpenSSH_5.3
INF [20180806-22:49:09.116] thr=1   paramiko.transport: Connected (version 2.0, client OpenSSH_5.3)
DEB [20180806-22:49:09.133] thr=1   paramiko.transport: kex algos:['diffie-hellman-group-exchange-sha256', 'diffie-hellman-group-exchange-sha1', 'diffie-hellman-group14-sha1', 'diffie-hellman-group1-sha1'] server key:['ssh-rsa', 'ssh-dss'] client encrypt:['aes128-ctr', 'aes192-ctr', 'aes256-ctr', 'arcfour256', 'arcfour128', 'aes128-cbc', '3des-cbc', 'blowfish-cbc', 'cast128-cbc', 'aes192-cbc', 'aes256-cbc', 'arcfour', 'rijndael-cbc@lysator.liu.se'] server encrypt:['aes128-ctr', 'aes192-ctr', 'aes256-ctr', 'arcfour256', 'arcfour128', 'aes128-cbc', '3des-cbc', 'blowfish-cbc', 'cast128-cbc', 'aes192-cbc', 'aes256-cbc', 'arcfour', 'rijndael-cbc@lysator.liu.se'] client mac:['hmac-md5', 'hmac-sha1', 'umac-64@openssh.com', 'hmac-sha2-256', 'hmac-sha2-512', 'hmac-ripemd160', 'hmac-ripemd160@openssh.com', 'hmac-sha1-96', 'hmac-md5-96'] server mac:['hmac-md5', 'hmac-sha1', 'umac-64@openssh.com', 'hmac-sha2-256', 'hmac-sha2-512', 'hmac-ripemd160', 'hmac-ripemd160@openssh.com', 'hmac-sha1-96', 'hmac-md5-96'] client compress:['none', 'zlib@openssh.com'] server compress:['none', 'zlib@openssh.com'] client lang:[''] server lang:[''] kex follows?False
DEB [20180806-22:49:09.133] thr=1   paramiko.transport: Kex agreed: diffie-hellman-group-exchange-sha256
DEB [20180806-22:49:09.133] thr=1   paramiko.transport: HostKey agreed: ssh-rsa
DEB [20180806-22:49:09.133] thr=1   paramiko.transport: Cipher agreed: aes128-ctr
DEB [20180806-22:49:09.133] thr=1   paramiko.transport: MAC agreed: hmac-sha2-256
DEB [20180806-22:49:09.133] thr=1   paramiko.transport: Compression agreed: none
DEB [20180806-22:49:09.147] thr=1   paramiko.transport: Got server p (2048 bits)
DEB [20180806-22:49:09.272] thr=1   paramiko.transport: kex engine KexGexSHA256 specified hash_algo <built-in function openssl_sha256>
DEB [20180806-22:49:09.273] thr=1   paramiko.transport: Switch to new keys ...
DEB [20180806-22:49:14.439] thr=1   paramiko.transport: userauth is OK
INF [20180806-22:49:14.465] thr=1   paramiko.transport: Authentication (password) successful!
DEB [20180806-22:49:14.465] thr=2   paramiko.transport: [chan 0] Max packet in: 32768 bytes
DEB [20180806-22:49:14.474] thr=1   paramiko.transport: [chan 0] Max packet out: 32768 bytes
DEB [20180806-22:49:14.475] thr=1   paramiko.transport: Secsh channel 0 opened.
DEB [20180806-22:49:14.484] thr=1   paramiko.transport: [chan 0] Sesch channel 0 request ok
DEB [20180806-22:49:14.493] thr=1   paramiko.transport: [chan 0] Sesch channel 0 request ok
DEB [20180806-22:51:08.218] thr=1   paramiko.transport: [chan 0] EOF received (0)
DEB [20180806-22:51:08.219] thr=1   paramiko.transport: [chan 0] EOF sent (0)
DEB [20180806-22:51:08.595] thr=1   paramiko.transport: EOF in transport thread
DEB [20180806-22:51:13.575] thr=1   paramiko.transport: starting thread (client mode): 0xb8c91860
DEB [20180806-22:51:13.575] thr=1   paramiko.transport: Local version/idstring: SSH-2.0-paramiko_2.4.1
DEB [20180806-22:51:13.594] thr=1   paramiko.transport: Remote version/idstring: SSH-2.0-OpenSSH_5.3
INF [20180806-22:51:13.594] thr=1   paramiko.transport: Connected (version 2.0, client OpenSSH_5.3)
DEB [20180806-22:51:13.606] thr=1   paramiko.transport: kex algos:['diffie-hellman-group-exchange-sha256', 'diffie-hellman-group-exchange-sha1', 'diffie-hellman-group14-sha1', 'diffie-hellman-group1-sha1'] server key:['ssh-rsa', 'ssh-dss'] client encrypt:['aes128-ctr', 'aes192-ctr', 'aes256-ctr', 'arcfour256', 'arcfour128', 'aes128-cbc', '3des-cbc', 'blowfish-cbc', 'cast128-cbc', 'aes192-cbc', 'aes256-cbc', 'arcfour', 'rijndael-cbc@lysator.liu.se'] server encrypt:['aes128-ctr', 'aes192-ctr', 'aes256-ctr', 'arcfour256', 'arcfour128', 'aes128-cbc', '3des-cbc', 'blowfish-cbc', 'cast128-cbc', 'aes192-cbc', 'aes256-cbc', 'arcfour', 'rijndael-cbc@lysator.liu.se'] client mac:['hmac-md5', 'hmac-sha1', 'umac-64@openssh.com', 'hmac-sha2-256', 'hmac-sha2-512', 'hmac-ripemd160', 'hmac-ripemd160@openssh.com', 'hmac-sha1-96', 'hmac-md5-96'] server mac:['hmac-md5', 'hmac-sha1', 'umac-64@openssh.com', 'hmac-sha2-256', 'hmac-sha2-512', 'hmac-ripemd160', 'hmac-ripemd160@openssh.com', 'hmac-sha1-96', 'hmac-md5-96'] client compress:['none', 'zlib@openssh.com'] server compress:['none', 'zlib@openssh.com'] client lang:[''] server lang:[''] kex follows?False
DEB [20180806-22:51:13.606] thr=1   paramiko.transport: Kex agreed: diffie-hellman-group-exchange-sha256
DEB [20180806-22:51:13.606] thr=1   paramiko.transport: HostKey agreed: ssh-rsa
DEB [20180806-22:51:13.606] thr=1   paramiko.transport: Cipher agreed: aes128-ctr
DEB [20180806-22:51:13.606] thr=1   paramiko.transport: MAC agreed: hmac-sha2-256
DEB [20180806-22:51:13.606] thr=1   paramiko.transport: Compression agreed: none
DEB [20180806-22:51:13.615] thr=1   paramiko.transport: Got server p (2048 bits)
DEB [20180806-22:51:13.739] thr=1   paramiko.transport: kex engine KexGexSHA256 specified hash_algo <built-in function openssl_sha256>
DEB [20180806-22:51:13.739] thr=1   paramiko.transport: Switch to new keys ...
DEB [20180806-22:51:17.132] thr=1   paramiko.transport: userauth is OK
INF [20180806-22:51:17.145] thr=1   paramiko.transport: Authentication (password) successful!
DEB [20180806-22:51:17.146] thr=2   paramiko.transport: [chan 0] Max packet in: 32768 bytes
DEB [20180806-22:51:17.154] thr=1   paramiko.transport: [chan 0] Max packet out: 32768 bytes
DEB [20180806-22:51:17.154] thr=1   paramiko.transport: Secsh channel 0 opened.
DEB [20180806-22:51:17.164] thr=1   paramiko.transport: [chan 0] Sesch channel 0 request ok
DEB [20180806-22:51:17.177] thr=1   paramiko.transport: [chan 0] Sesch channel 0 request ok
DEB [20180806-22:51:40.990] thr=1   paramiko.transport: [chan 0] EOF received (0)
DEB [20180806-22:51:40.991] thr=1   paramiko.transport: [chan 0] EOF sent (0)
DEB [20180806-22:51:41.151] thr=1   paramiko.transport: EOF in transport thread
DEB [20180806-22:51:48.968] thr=1   paramiko.transport: starting thread (client mode): 0xfc821828
DEB [20180806-22:51:48.968] thr=1   paramiko.transport: Local version/idstring: SSH-2.0-paramiko_2.4.1
DEB [20180806-22:51:48.985] thr=1   paramiko.transport: Remote version/idstring: SSH-2.0-OpenSSH_5.3
INF [20180806-22:51:48.985] thr=1   paramiko.transport: Connected (version 2.0, client OpenSSH_5.3)
DEB [20180806-22:51:48.993] thr=1   paramiko.transport: kex algos:['diffie-hellman-group-exchange-sha256', 'diffie-hellman-group-exchange-sha1', 'diffie-hellman-group14-sha1', 'diffie-hellman-group1-sha1'] server key:['ssh-rsa', 'ssh-dss'] client encrypt:['aes128-ctr', 'aes192-ctr', 'aes256-ctr', 'arcfour256', 'arcfour128', 'aes128-cbc', '3des-cbc', 'blowfish-cbc', 'cast128-cbc', 'aes192-cbc', 'aes256-cbc', 'arcfour', 'rijndael-cbc@lysator.liu.se'] server encrypt:['aes128-ctr', 'aes192-ctr', 'aes256-ctr', 'arcfour256', 'arcfour128', 'aes128-cbc', '3des-cbc', 'blowfish-cbc', 'cast128-cbc', 'aes192-cbc', 'aes256-cbc', 'arcfour', 'rijndael-cbc@lysator.liu.se'] client mac:['hmac-md5', 'hmac-sha1', 'umac-64@openssh.com', 'hmac-sha2-256', 'hmac-sha2-512', 'hmac-ripemd160', 'hmac-ripemd160@openssh.com', 'hmac-sha1-96', 'hmac-md5-96'] server mac:['hmac-md5', 'hmac-sha1', 'umac-64@openssh.com', 'hmac-sha2-256', 'hmac-sha2-512', 'hmac-ripemd160', 'hmac-ripemd160@openssh.com', 'hmac-sha1-96', 'hmac-md5-96'] client compress:['none', 'zlib@openssh.com'] server compress:['none', 'zlib@openssh.com'] client lang:[''] server lang:[''] kex follows?False
DEB [20180806-22:51:48.993] thr=1   paramiko.transport: Kex agreed: diffie-hellman-group-exchange-sha256
DEB [20180806-22:51:48.994] thr=1   paramiko.transport: HostKey agreed: ssh-rsa
DEB [20180806-22:51:48.994] thr=1   paramiko.transport: Cipher agreed: aes128-ctr
DEB [20180806-22:51:48.994] thr=1   paramiko.transport: MAC agreed: hmac-sha2-256
DEB [20180806-22:51:48.994] thr=1   paramiko.transport: Compression agreed: none
DEB [20180806-22:51:49.005] thr=1   paramiko.transport: Got server p (2048 bits)
DEB [20180806-22:51:49.132] thr=1   paramiko.transport: kex engine KexGexSHA256 specified hash_algo <built-in function openssl_sha256>
DEB [20180806-22:51:49.132] thr=1   paramiko.transport: Switch to new keys ...
DEB [20180806-22:51:53.343] thr=1   paramiko.transport: userauth is OK
INF [20180806-22:51:53.356] thr=1   paramiko.transport: Authentication (password) successful!
DEB [20180806-22:51:53.356] thr=2   paramiko.transport: [chan 0] Max packet in: 32768 bytes
DEB [20180806-22:51:53.364] thr=1   paramiko.transport: [chan 0] Max packet out: 32768 bytes
DEB [20180806-22:51:53.364] thr=1   paramiko.transport: Secsh channel 0 opened.
DEB [20180806-22:51:53.374] thr=1   paramiko.transport: [chan 0] Sesch channel 0 request ok
DEB [20180806-22:51:53.384] thr=1   paramiko.transport: [chan 0] Sesch channel 0 request ok
